#-----------------------------------------------------------
# Vivado v2014.2 (64-bit)
# SW Build 932637 on Wed Jun 11 13:33:10 MDT 2014
# IP Build 924643 on Fri May 30 09:20:16 MDT 2014
# Start of session at: Mon Feb 09 14:57:03 2015
# Process ID: 11400
# Log file: C:/Users/User/Desktop/vivado_uub_20140612_20141031a/vivado_uub_20140612/vivado.log
# Journal file: C:/Users/User/Desktop/vivado_uub_20140612_20141031a/vivado_uub_20140612\vivado.jou
#-----------------------------------------------------------
start_guiopen_project {C:\Users\User\Desktop\vivado_uub_20140612_20141031a\vivado_uub_20140612\vivado_uub_20140612.xpr}
CRITICAL WARNING: [Project 1-19] Could not find the file 'C:/Users/User/Desktop/vivado_uub_20140612_20141031a/vivado_uub_20140612/vivado_uub_20140612.srcs/sources_1/bd/zynq_design/zynq_design.bd'.
ERROR: [BD 41-587] Cannot read BD file <C:/Users/User/Desktop/vivado_uub_20140612_20141031a/vivado_uub_20140612/vivado_uub_20140612.srcs/sources_1/bd/zynq_design/zynq_design.bd>
ERROR: [BD 41-1155] Could not initialize Parser using <C:/Users/User/Desktop/vivado_uub_20140612_20141031a/vivado_uub_20140612/vivado_uub_20140612.srcs/sources_1/bd/zynq_design/zynq_design.bd>
CRITICAL WARNING: [Project 1-19] Could not find the file 'C:/Users/User/Desktop/vivado_uub_20140612_20141031a/vivado_uub_20140612/vivado_uub_20140612.srcs/sources_1/bd/zynq_design/hdl/zynq_design_wrapper.vhd'.
CRITICAL WARNING: [Project 1-19] Could not find the file 'C:/Users/User/Desktop/vivado_uub_20140612_20141031a/vivado_uub_20140612/vivado_uub_20140612.srcs/sources_1/bd/zynq_design/ip/zynq_design_Interface_uub_0_1/zynq_design_Interface_uub_0_1.upgrade_log'.
CRITICAL WARNING: [Project 1-19] Could not find the file 'C:/Users/User/Desktop/vivado_uub_20140612_20141031a/vivado_uub_20140612/vivado_uub_20140612.srcs/sources_1/bd/zynq_design/ip/zynq_design_In_regional_ck_0_0/zynq_design_In_regional_ck_0_0.upgrade_log'.
CRITICAL WARNING: [Project 1-19] Could not find the file 'C:/Users/User/Desktop/vivado_uub_20140612_20141031a/vivado_uub_20140612/vivado_uub_20140612.srcs/sources_1/bd/zynq_design/ip/zynq_design_delay_input_0_0/zynq_design_delay_input_0_0.upgrade_log'.
WARNING: [filemgmt 56-3] IP Repository Path: Could not find the directory 'C:/../spb16x/lagorio/auger/document_travail/xilinx/ip_repo/delay_input'.
WARNING: [filemgmt 56-3] IP Repository Path: Could not find the directory 'C:/../spb16x/lagorio/auger/document_travail/xilinx/ip_repo/interface_uub_1.0'.
WARNING: [filemgmt 56-3] IP Repository Path: Could not find the directory 'C:/../spb16x/lagorio/auger/document_travail/xilinx/ip_repo/interface_uub_1.0'.
WARNING: [filemgmt 56-3] IP Repository Path: Could not find the directory 'C:/../spb16x/lagorio/auger/document_travail/xilinx/ip_repo/interface_uub_1.0'.
WARNING: [filemgmt 56-3] IP Repository Path: Could not find the directory 'C:/../spb16x/lagorio/auger/document_travail/xilinx/ip_repo/interface_uub_1.0'.
CRITICAL WARNING: [Project 1-19] Could not find the file 'C:/Users/User/Desktop/vivado_uub_20140612_20141031a/vivado_uub_20140612/vivado_uub_20140612.srcs/Commun/new/zynq_design_wrapper.xdc'.
CRITICAL WARNING: [Project 1-19] Could not find the file 'C:/Users/User/Desktop/vivado_uub_20140612_20141031a/vivado_uub_20140612/vivado_uub_20140612.srcs/constrs_1/new/vivavo_uub.xdc'.
CRITICAL WARNING: [Project 1-19] Could not find the file 'C:/Users/User/Desktop/vivado_uub_20140612_20141031a/vivado_uub_20140612/vivado_uub_20140612.srcs/Commun/new/Timing_contraints.xdc'.
CRITICAL WARNING: [Project 1-19] Could not find the file 'C:/Users/User/Desktop/vivado_uub_20140612_20141031a/vivado_uub_20140612/vivado_uub_20140612.srcs/sim_1/new/Testbench.vhd'.
CRITICAL WARNING: [Project 1-19] Could not find the file 'C:/Users/User/Desktop/vivado_uub_20140612_20141031a/vivado_uub_20140612/vivado_uub_20140612.srcs/Commun/new/zynq_design_wrapper.xdc'.
CRITICAL WARNING: [Project 1-19] Could not find the file 'C:/Users/User/Desktop/vivado_uub_20140612_20141031a/vivado_uub_20140612/vivado_uub_20140612.srcs/Eval_UUB/new/vivavo_uub.xdc'.
CRITICAL WARNING: [Project 1-19] Could not find the file 'C:/Users/User/Desktop/vivado_uub_20140612_20141031a/vivado_uub_20140612/vivado_uub_20140612.srcs/Commun/new/Timing_contraints.xdc'.
CRITICAL WARNING: [Project 1-19] Could not find the file 'C:/Users/User/Desktop/vivado_uub_20140612_20141031a/vivado_uub_20140612/vivado_uub_20140612.srcs/Commun/new/zynq_design_wrapper.xdc'.
CRITICAL WARNING: [Project 1-19] Could not find the file 'C:/Users/User/Desktop/vivado_uub_20140612_20141031a/vivado_uub_20140612/vivado_uub_20140612.srcs/Commun/new/Timing_contraints.xdc'.
Scanning sources...
Finished scanning sources
ERROR: [BD 41-587] Cannot read BD file <C:/Users/User/Desktop/vivado_uub_20140612_20141031a/vivado_uub_20140612/vivado_uub_20140612.srcs/sources_1/bd/zynq_design/zynq_design.bd>
ERROR: [BD 41-1155] Could not initialize Parser using <C:/Users/User/Desktop/vivado_uub_20140612_20141031a/vivado_uub_20140612/vivado_uub_20140612.srcs/sources_1/bd/zynq_design/zynq_design.bd>
open_project: Time (s): cpu = 00:00:25 ; elapsed = 00:00:18 . Memory (MB): peak = 826.480 ; gain = 6.535
update_compile_order -fileset sources_1
update_compile_order -fileset sim_1
update_compile_order -fileset sources_1
update_compile_order -fileset sim_1
INFO: [IP_Flow 19-234] Refreshing IP repositories
INFO: [IP_Flow 19-1700] Loaded user IP repository 'c:/Users/User/Desktop/vivado_uub_20140612_20141031a/ip_repo/Interface_uub_1.0'.
INFO: [IP_Flow 19-1700] Loaded user IP repository 'c:/Users/User/Desktop/vivado_uub_20140612_20141031a/ip_repo/in_regional_ck'.
INFO: [IP_Flow 19-1700] Loaded user IP repository 'c:/Users/User/Desktop/vivado_uub_20140612_20141031a/ip_repo/delay_input'.
WARNING: [IP_Flow 19-2248] Failed to load user IP repository 'c:spb16x/lagorio/auger/document_travail/xilinx/ip_repo/delay_input'; Can't find the specified path.
If this directory should no longer be in your list of user repositories, go to the IP Settings dialog and remove it.
WARNING: [IP_Flow 19-2248] Failed to load user IP repository 'c:spb16x/lagorio/auger/document_travail/xilinx/ip_repo/interface_uub_1.0'; Can't find the specified path.
If this directory should no longer be in your list of user repositories, go to the IP Settings dialog and remove it.
WARNING: [IP_Flow 19-2207] Repository 'c:spb16x/lagorio/auger/document_travail/xilinx/ip_repo/interface_uub_1.0' already exists; ignoring attempt to add it again.
WARNING: [IP_Flow 19-2248] Failed to load user IP repository 'c:spb16x/lagorio/auger/document_travail/xilinx/ip_repo/interface_uub_1.0'; Can't find the specified path.
If this directory should no longer be in your list of user repositories, go to the IP Settings dialog and remove it.
WARNING: [IP_Flow 19-2207] Repository 'c:spb16x/lagorio/auger/document_travail/xilinx/ip_repo/interface_uub_1.0' already exists; ignoring attempt to add it again.
WARNING: [IP_Flow 19-2248] Failed to load user IP repository 'c:spb16x/lagorio/auger/document_travail/xilinx/ip_repo/interface_uub_1.0'; Can't find the specified path.
If this directory should no longer be in your list of user repositories, go to the IP Settings dialog and remove it.
WARNING: [IP_Flow 19-2207] Repository 'c:spb16x/lagorio/auger/document_travail/xilinx/ip_repo/interface_uub_1.0' already exists; ignoring attempt to add it again.
WARNING: [IP_Flow 19-2248] Failed to load user IP repository 'c:spb16x/lagorio/auger/document_travail/xilinx/ip_repo/interface_uub_1.0'; Can't find the specified path.
If this directory should no longer be in your list of user repositories, go to the IP Settings dialog and remove it.
INFO: [IP_Flow 19-2313] Loaded Vivado IP repository 'C:/Xilinx/Vivado/2014.2/data/ip'.
open_bd_design {C:/Users/User/Desktop/vivado_uub_20140612_20141031a/vivado_uub_20140612/vivado_uub_20140612.srcs/sources_1/bd/zynq_design/zynq_design.bd}
ERROR: [BD 41-1296] Cannot read BD file <C:/Users/User/Desktop/vivado_uub_20140612_20141031a/vivado_uub_20140612/vivado_uub_20140612.srcs/sources_1/bd/zynq_design/zynq_design.bd>, check for the correct location of the file.
ERROR: [Common 17-39] 'open_bd_design' failed due to earlier errors.
exit
INFO: [Common 17-206] Exiting Vivado at Mon Feb 09 15:24:04 2015...
