#-----------------------------------------------------------
# Vivado v2014.2 (64-bit)
# SW Build 932637 on Wed Jun 11 13:33:10 MDT 2014
# IP Build 924643 on Fri May 30 09:20:16 MDT 2014
# Start of session at: Mon Feb 09 18:21:48 2015
# Process ID: 12440
# Log file: C:/Users/User/Desktop/vivado_uub_20140612_20141031a/vivado_uub_20140612/vivado.log
# Journal file: C:/Users/User/Desktop/vivado_uub_20140612_20141031a/vivado_uub_20140612\vivado.jou
#-----------------------------------------------------------
start_gui
open_project {C:\Users\User\Desktop\vivado_uub_20140612_20141031a\vivado_uub_20140612\vivado_uub_20140612.xpr}
CRITICAL WARNING: [Project 1-19] Could not find the file 'C:/Users/User/Desktop/vivado_uub_20140612_20141031a/vivado_uub_20140612/vivado_uub_20140612.srcs/sources_1/bd/zynq_design/zynq_design.bd'.
ERROR: [BD 41-587] Cannot read BD file <C:/Users/User/Desktop/vivado_uub_20140612_20141031a/vivado_uub_20140612/vivado_uub_20140612.srcs/sources_1/bd/zynq_design/zynq_design.bd>
ERROR: [BD 41-1155] Could not initialize Parser using <C:/Users/User/Desktop/vivado_uub_20140612_20141031a/vivado_uub_20140612/vivado_uub_20140612.srcs/sources_1/bd/zynq_design/zynq_design.bd>
CRITICAL WARNING: [Project 1-19] Could not find the file 'C:/Users/User/Desktop/vivado_uub_20140612_20141031a/vivado_uub_20140612/vivado_uub_20140612.srcs/sources_1/bd/zynq_design/hdl/zynq_design_wrapper.vhd'.
CRITICAL WARNING: [Project 1-19] Could not find the file 'C:/Users/User/Desktop/vivado_uub_20140612_20141031a/vivado_uub_20140612/vivado_uub_20140612.srcs/sources_1/bd/zynq_design/ip/zynq_design_Interface_uub_0_1/zynq_design_Interface_uub_0_1.upgrade_log'.
CRITICAL WARNING: [Project 1-19] Could not find the file 'C:/Users/User/Desktop/vivado_uub_20140612_20141031a/vivado_uub_20140612/vivado_uub_20140612.srcs/sources_1/bd/zynq_design/ip/zynq_design_In_regional_ck_0_0/zynq_design_In_regional_ck_0_0.upgrade_log'.
CRITICAL WARNING: [Project 1-19] Could not find the file 'C:/Users/User/Desktop/vivado_uub_20140612_20141031a/vivado_uub_20140612/vivado_uub_20140612.srcs/sources_1/bd/zynq_design/ip/zynq_design_delay_input_0_0/zynq_design_delay_input_0_0.upgrade_log'.
WARNING: [filemgmt 56-3] IP Repository Path: Could not find the directory 'C:/../spb16x/lagorio/auger/document_travail/xilinx/ip_repo/delay_input'.
WARNING: [filemgmt 56-3] IP Repository Path: Could not find the directory 'C:/../spb16x/lagorio/auger/document_travail/xilinx/ip_repo/interface_uub_1.0'.
WARNING: [filemgmt 56-3] IP Repository Path: Could not find the directory 'C:/../spb16x/lagorio/auger/document_travail/xilinx/ip_repo/interface_uub_1.0'.
WARNING: [filemgmt 56-3] IP Repository Path: Could not find the directory 'C:/../spb16x/lagorio/auger/document_travail/xilinx/ip_repo/interface_uub_1.0'.
WARNING: [filemgmt 56-3] IP Repository Path: Could not find the directory 'C:/../spb16x/lagorio/auger/document_travail/xilinx/ip_repo/interface_uub_1.0'.
CRITICAL WARNING: [Project 1-19] Could not find the file 'C:/Users/User/Desktop/vivado_uub_20140612_20141031a/vivado_uub_20140612/vivado_uub_20140612.srcs/Commun/new/zynq_design_wrapper.xdc'.
CRITICAL WARNING: [Project 1-19] Could not find the file 'C:/Users/User/Desktop/vivado_uub_20140612_20141031a/vivado_uub_20140612/vivado_uub_20140612.srcs/constrs_1/new/vivavo_uub.xdc'.
CRITICAL WARNING: [Project 1-19] Could not find the file 'C:/Users/User/Desktop/vivado_uub_20140612_20141031a/vivado_uub_20140612/vivado_uub_20140612.srcs/Commun/new/Timing_contraints.xdc'.
CRITICAL WARNING: [Project 1-19] Could not find the file 'C:/Users/User/Desktop/vivado_uub_20140612_20141031a/vivado_uub_20140612/vivado_uub_20140612.srcs/sim_1/new/Testbench.vhd'.
CRITICAL WARNING: [Project 1-19] Could not find the file 'C:/Users/User/Desktop/vivado_uub_20140612_20141031a/vivado_uub_20140612/vivado_uub_20140612.srcs/Commun/new/zynq_design_wrapper.xdc'.
CRITICAL WARNING: [Project 1-19] Could not find the file 'C:/Users/User/Desktop/vivado_uub_20140612_20141031a/vivado_uub_20140612/vivado_uub_20140612.srcs/Eval_UUB/new/vivavo_uub.xdc'.
CRITICAL WARNING: [Project 1-19] Could not find the file 'C:/Users/User/Desktop/vivado_uub_20140612_20141031a/vivado_uub_20140612/vivado_uub_20140612.srcs/Commun/new/Timing_contraints.xdc'.
CRITICAL WARNING: [Project 1-19] Could not find the file 'C:/Users/User/Desktop/vivado_uub_20140612_20141031a/vivado_uub_20140612/vivado_uub_20140612.srcs/Commun/new/zynq_design_wrapper.xdc'.
CRITICAL WARNING: [Project 1-19] Could not find the file 'C:/Users/User/Desktop/vivado_uub_20140612_20141031a/vivado_uub_20140612/vivado_uub_20140612.srcs/Commun/new/Timing_contraints.xdc'.
Scanning sources...
Finished scanning sources
ERROR: [BD 41-587] Cannot read BD file <C:/Users/User/Desktop/vivado_uub_20140612_20141031a/vivado_uub_20140612/vivado_uub_20140612.srcs/sources_1/bd/zynq_design/zynq_design.bd>
ERROR: [BD 41-1155] Could not initialize Parser using <C:/Users/User/Desktop/vivado_uub_20140612_20141031a/vivado_uub_20140612/vivado_uub_20140612.srcs/sources_1/bd/zynq_design/zynq_design.bd>
open_project: Time (s): cpu = 00:00:22 ; elapsed = 00:00:11 . Memory (MB): peak = 857.711 ; gain = 49.938
update_compile_order -fileset sources_1
update_compile_order -fileset sim_1
source C:/Users/User/Desktop/vivado_uub_20140612_20141031a/vivado_uub_20140612/vivado_uub_20140612.runs/synth_1/zynq_design_wrapper.tcl
# set_param gui.test TreeTableDev
# set_msg_config -id {HDL 9-1061} -limit 100000
# set_msg_config -id {HDL 9-1654} -limit 100000
# create_project -in_memory -part xc7z020clg484-2
# set_property target_language VHDL [current_project]
# set_param project.compositeFile.enableAutoGeneration 0
# set_property default_lib xil_defaultlib [current_project]
# set_property ip_repo_paths {
#   Z:/cao-projets/SPB16X/lagorio/Auger/Document_travail/xilinx/ip_repo/Interface_uub_1.0
#   Z:/cao-projets/SPB16X/lagorio/Auger/Document_travail/xilinx/ip_repo/in_regional_ck
#   Z:/cao-projets/SPB16X/lagorio/Auger/Document_travail/xilinx/ip_repo/delay_input
#   Z:/cao-projets/spb16x/lagorio/auger/document_travail/xilinx/ip_repo/delay_input
#   Z:/cao-projets/spb16x/lagorio/auger/document_travail/xilinx/ip_repo/interface_uub_1.0
#   Z:/cao-projets/spb16x/lagorio/auger/document_travail/xilinx/ip_repo/interface_uub_1.0
#   Z:/cao-projets/spb16x/lagorio/auger/document_travail/xilinx/ip_repo/interface_uub_1.0
#   z:/cao-projets/spb16x/lagorio/auger/document_travail/xilinx/ip_repo/interface_uub_1.0
# } [current_fileset]
# add_files Z:/cao-projets/SPB16X/lagorio/Auger/Document_travail/xilinx/vivado_uub_20140612/vivado_uub_20140612.srcs/sources_1/bd/zynq_design/zynq_design.bd
ERROR: [Vivado 12-172] File or Directory 'Z:/cao-projets/SPB16X/lagorio/Auger/Document_travail/xilinx/vivado_uub_20140612/vivado_uub_20140612.srcs/sources_1/bd/zynq_design/zynq_design.bd' does not exist

    while executing
"add_files Z:/cao-projets/SPB16X/lagorio/Auger/Document_travail/xilinx/vivado_uub_20140612/vivado_uub_20140612.srcs/sources_1/bd/zynq_design/zynq_desig..."
    (file "C:/Users/User/Desktop/vivado_uub_20140612_20141031a/vivado_uub_20140612/vivado_uub_20140612.runs/synth_1/zynq_design_wrapper.tcl" line 23)
close_project
INFO: [IP_Flow 19-234] Refreshing IP repositories
INFO: [IP_Flow 19-1700] Loaded user IP repository 'c:/Users/User/Desktop/vivado_uub_20140612_20141031a/ip_repo/Interface_uub_1.0'.
INFO: [IP_Flow 19-1700] Loaded user IP repository 'c:/Users/User/Desktop/vivado_uub_20140612_20141031a/ip_repo/in_regional_ck'.
INFO: [IP_Flow 19-1700] Loaded user IP repository 'c:/Users/User/Desktop/vivado_uub_20140612_20141031a/ip_repo/delay_input'.
WARNING: [IP_Flow 19-2248] Failed to load user IP repository 'c:spb16x/lagorio/auger/document_travail/xilinx/ip_repo/delay_input'; Can't find the specified path.
If this directory should no longer be in your list of user repositories, go to the IP Settings dialog and remove it.
WARNING: [IP_Flow 19-2248] Failed to load user IP repository 'c:spb16x/lagorio/auger/document_travail/xilinx/ip_repo/interface_uub_1.0'; Can't find the specified path.
If this directory should no longer be in your list of user repositories, go to the IP Settings dialog and remove it.
WARNING: [IP_Flow 19-2207] Repository 'c:spb16x/lagorio/auger/document_travail/xilinx/ip_repo/interface_uub_1.0' already exists; ignoring attempt to add it again.
WARNING: [IP_Flow 19-2248] Failed to load user IP repository 'c:spb16x/lagorio/auger/document_travail/xilinx/ip_repo/interface_uub_1.0'; Can't find the specified path.
If this directory should no longer be in your list of user repositories, go to the IP Settings dialog and remove it.
WARNING: [IP_Flow 19-2207] Repository 'c:spb16x/lagorio/auger/document_travail/xilinx/ip_repo/interface_uub_1.0' already exists; ignoring attempt to add it again.
WARNING: [IP_Flow 19-2248] Failed to load user IP repository 'c:spb16x/lagorio/auger/document_travail/xilinx/ip_repo/interface_uub_1.0'; Can't find the specified path.
If this directory should no longer be in your list of user repositories, go to the IP Settings dialog and remove it.
WARNING: [IP_Flow 19-2207] Repository 'c:spb16x/lagorio/auger/document_travail/xilinx/ip_repo/interface_uub_1.0' already exists; ignoring attempt to add it again.
WARNING: [IP_Flow 19-2248] Failed to load user IP repository 'c:spb16x/lagorio/auger/document_travail/xilinx/ip_repo/interface_uub_1.0'; Can't find the specified path.
If this directory should no longer be in your list of user repositories, go to the IP Settings dialog and remove it.
INFO: [IP_Flow 19-2313] Loaded Vivado IP repository 'C:/Xilinx/Vivado/2014.2/data/ip'.
set_property ip_repo_paths  {c:/Users/User/Desktop/vivado_uub_20140612_20141031a/ip_repo/Interface_uub_1.0 c:/Users/User/Desktop/vivado_uub_20140612_20141031a/ip_repo/in_regional_ck c:/Users/User/Desktop/vivado_uub_20140612_20141031a/ip_repo/delay_input c:spb16x/lagorio/auger/document_travail/xilinx/ip_repo/interface_uub_1.0} [current_fileset]
update_ip_catalog
INFO: [IP_Flow 19-234] Refreshing IP repositories
INFO: [IP_Flow 19-1700] Loaded user IP repository 'c:/Users/User/Desktop/vivado_uub_20140612_20141031a/ip_repo/Interface_uub_1.0'.
INFO: [IP_Flow 19-1700] Loaded user IP repository 'c:/Users/User/Desktop/vivado_uub_20140612_20141031a/ip_repo/in_regional_ck'.
INFO: [IP_Flow 19-1700] Loaded user IP repository 'c:/Users/User/Desktop/vivado_uub_20140612_20141031a/ip_repo/delay_input'.
WARNING: [IP_Flow 19-2248] Failed to load user IP repository 'c:/Users/User/Desktop/vivado_uub_20140612_20141031a/vivado_uub_20140612/spb16x/lagorio/auger/document_travail/xilinx/ip_repo/interface_uub_1.0'; Can't find the specified path.
If this directory should no longer be in your list of user repositories, go to the IP Settings dialog and remove it.
set_property ip_repo_paths  {c:/Users/User/Desktop/vivado_uub_20140612_20141031a/ip_repo/Interface_uub_1.0 c:/Users/User/Desktop/vivado_uub_20140612_20141031a/ip_repo/in_regional_ck c:/Users/User/Desktop/vivado_uub_20140612_20141031a/ip_repo/delay_input} [current_fileset]
update_ip_catalog
INFO: [IP_Flow 19-234] Refreshing IP repositories
INFO: [IP_Flow 19-1700] Loaded user IP repository 'c:/Users/User/Desktop/vivado_uub_20140612_20141031a/ip_repo/Interface_uub_1.0'.
INFO: [IP_Flow 19-1700] Loaded user IP repository 'c:/Users/User/Desktop/vivado_uub_20140612_20141031a/ip_repo/in_regional_ck'.
INFO: [IP_Flow 19-1700] Loaded user IP repository 'c:/Users/User/Desktop/vivado_uub_20140612_20141031a/ip_repo/delay_input'.
update_ip_catalog -rebuild
INFO: [IP_Flow 19-234] Refreshing IP repositories
INFO: [IP_Flow 19-1700] Loaded user IP repository 'c:/Users/User/Desktop/vivado_uub_20140612_20141031a/ip_repo/Interface_uub_1.0'.
INFO: [IP_Flow 19-1700] Loaded user IP repository 'c:/Users/User/Desktop/vivado_uub_20140612_20141031a/ip_repo/in_regional_ck'.
INFO: [IP_Flow 19-1700] Loaded user IP repository 'c:/Users/User/Desktop/vivado_uub_20140612_20141031a/ip_repo/delay_input'.
ipx::package_project -root_dir {C:/Users/User/Desktop/vivado_uub_20140612_20141031a/vivado_uub_20140612}
ERROR: [filemgmt 20-730] Could not find a top module in the fileset sources_1.
Resolution: With the gui up, review the source files in the Sources window. Use Add Sources to add any needed sources. If the files are disabled, enable them. You can also select the file and choose Set Used In from the pop-up menu. Review if they are being used at the proper points of the flow.
create_ip -name Interface_uub -vendor Lpsc.in2p3.fr -library user -module_name Interface_uub_0
generate_target {instantiation_template} [get_files c:/Users/User/Desktop/vivado_uub_20140612_20141031a/vivado_uub_20140612/vivado_uub_20140612.srcs/sources_1/ip/Interface_uub_0/Interface_uub_0.xci]
update_compile_order -fileset sources_1
generate_target all [get_files  c:/Users/User/Desktop/vivado_uub_20140612_20141031a/vivado_uub_20140612/vivado_uub_20140612.srcs/sources_1/ip/Interface_uub_0/Interface_uub_0.xci]
create_ip_run [get_files -of_objects [get_fileset sources_1] c:/Users/User/Desktop/vivado_uub_20140612_20141031a/vivado_uub_20140612/vivado_uub_20140612.srcs/sources_1/ip/Interface_uub_0/Interface_uub_0.xci]
launch_run  Interface_uub_0_synth_1
WARNING: [Runs 36-53] Possible issues detected after target generation. Generation state is unexpected for target 'Synthesis'. Expected 'Generated', got 'Reset' for source 'c:/Users/User/Desktop/vivado_uub_20140612_20141031a/vivado_uub_20140612/vivado_uub_20140612.srcs/sources_1/ip/Interface_uub_0/Interface_uub_0.xci'
[Mon Feb 09 18:34:15 2015] Launched Interface_uub_0_synth_1...
Run output will be captured here: C:/Users/User/Desktop/vivado_uub_20140612_20141031a/vivado_uub_20140612/vivado_uub_20140612.runs/Interface_uub_0_synth_1/runme.log
create_ip -name Interface_uub -vendor Lpsc.in2p3.fr -library user -module_name Interface_uub_1
generate_target {instantiation_template} [get_files c:/Users/User/Desktop/vivado_uub_20140612_20141031a/vivado_uub_20140612/vivado_uub_20140612.srcs/sources_1/ip/Interface_uub_1/Interface_uub_1.xci]
update_compile_order -fileset sources_1
generate_target all [get_files  c:/Users/User/Desktop/vivado_uub_20140612_20141031a/vivado_uub_20140612/vivado_uub_20140612.srcs/sources_1/ip/Interface_uub_1/Interface_uub_1.xci]
create_ip_run [get_files -of_objects [get_fileset sources_1] c:/Users/User/Desktop/vivado_uub_20140612_20141031a/vivado_uub_20140612/vivado_uub_20140612.srcs/sources_1/ip/Interface_uub_1/Interface_uub_1.xci]
launch_run  Interface_uub_1_synth_1
WARNING: [Runs 36-53] Possible issues detected after target generation. Generation state is unexpected for target 'Synthesis'. Expected 'Generated', got 'Reset' for source 'c:/Users/User/Desktop/vivado_uub_20140612_20141031a/vivado_uub_20140612/vivado_uub_20140612.srcs/sources_1/ip/Interface_uub_1/Interface_uub_1.xci'
[Mon Feb 09 18:34:44 2015] Launched Interface_uub_1_synth_1...
Run output will be captured here: C:/Users/User/Desktop/vivado_uub_20140612_20141031a/vivado_uub_20140612/vivado_uub_20140612.runs/Interface_uub_1_synth_1/runme.log
create_ip -name processing_system7 -vendor xilinx.com -library ip -module_name processing_system7_0
generate_target {instantiation_template} [get_files c:/Users/User/Desktop/vivado_uub_20140612_20141031a/vivado_uub_20140612/vivado_uub_20140612.srcs/sources_1/ip/processing_system7_0/processing_system7_0.xci]
update_compile_order -fileset sources_1
generate_target all [get_files  c:/Users/User/Desktop/vivado_uub_20140612_20141031a/vivado_uub_20140612/vivado_uub_20140612.srcs/sources_1/ip/processing_system7_0/processing_system7_0.xci]
create_ip_run [get_files -of_objects [get_fileset sources_1] c:/Users/User/Desktop/vivado_uub_20140612_20141031a/vivado_uub_20140612/vivado_uub_20140612.srcs/sources_1/ip/processing_system7_0/processing_system7_0.xci]
launch_run  processing_system7_0_synth_1
WARNING: [Runs 36-53] Possible issues detected after target generation. Generation state is unexpected for target 'Synthesis'. Expected 'Generated', got 'Reset' for source 'c:/Users/User/Desktop/vivado_uub_20140612_20141031a/vivado_uub_20140612/vivado_uub_20140612.srcs/sources_1/ip/processing_system7_0/processing_system7_0.xci'
[Mon Feb 09 18:37:03 2015] Launched processing_system7_0_synth_1...
Run output will be captured here: C:/Users/User/Desktop/vivado_uub_20140612_20141031a/vivado_uub_20140612/vivado_uub_20140612.runs/processing_system7_0_synth_1/runme.log
open_bd_design {C:/Users/User/Desktop/vivado_uub_20140612_20141031a/vivado_uub_20140612/vivado_uub_20140612.srcs/sources_1/bd/zynq_design/zynq_design.bd}
ERROR: [BD 41-1296] Cannot read BD file <C:/Users/User/Desktop/vivado_uub_20140612_20141031a/vivado_uub_20140612/vivado_uub_20140612.srcs/sources_1/bd/zynq_design/zynq_design.bd>, check for the correct location of the file.
ERROR: [Common 17-39] 'open_bd_design' failed due to earlier errors.
import_files -norecurse C:/Users/User/Desktop/vivado_uub_20140612_20141031a/vivado_uub_20140612/vivado_uub_20140612.runs/synth_1/zynq_design_wrapper.dcp
update_compile_order -fileset sources_1
open_bd_design {C:/Users/User/Desktop/vivado_uub_20140612_20141031a/vivado_uub_20140612/vivado_uub_20140612.srcs/sources_1/bd/zynq_design/zynq_design.bd}
ERROR: [BD 41-1296] Cannot read BD file <C:/Users/User/Desktop/vivado_uub_20140612_20141031a/vivado_uub_20140612/vivado_uub_20140612.srcs/sources_1/bd/zynq_design/zynq_design.bd>, check for the correct location of the file.
ERROR: [Common 17-39] 'open_bd_design' failed due to earlier errors.
generate_target all [get_files  C:/Users/User/Desktop/vivado_uub_20140612_20141031a/vivado_uub_20140612/vivado_uub_20140612.srcs/sources_1/bd/zynq_design/zynq_design.bd]
report_ip_status -name ip_status 
reset_run Interface_uub_0_synth_1
reset_run Interface_uub_1_synth_1
reset_run processing_system7_0_synth_1
reset_run synth_1
ipx::package_project -root_dir {C:/Users/User/Desktop/vivado_uub_20140612_20141031a/vivado_uub_20140612}
ERROR: [filemgmt 20-730] Could not find a top module in the fileset sources_1.
Resolution: With the gui up, review the source files in the Sources window. Use Add Sources to add any needed sources. If the files are disabled, enable them. You can also select the file and choose Set Used In from the pop-up menu. Review if they are being used at the proper points of the flow.
create_ip -name Interface_uub -vendor Lpsc.in2p3.fr -library user -module_name Interface_uub_2
generate_target {instantiation_template} [get_files c:/Users/User/Desktop/vivado_uub_20140612_20141031a/vivado_uub_20140612/vivado_uub_20140612.srcs/sources_1/ip/Interface_uub_2/Interface_uub_2.xci]
update_compile_order -fileset sources_1
generate_target all [get_files  c:/Users/User/Desktop/vivado_uub_20140612_20141031a/vivado_uub_20140612/vivado_uub_20140612.srcs/sources_1/ip/Interface_uub_2/Interface_uub_2.xci]
create_ip_run [get_files -of_objects [get_fileset sources_1] c:/Users/User/Desktop/vivado_uub_20140612_20141031a/vivado_uub_20140612/vivado_uub_20140612.srcs/sources_1/ip/Interface_uub_2/Interface_uub_2.xci]
launch_run  Interface_uub_2_synth_1
WARNING: [Runs 36-53] Possible issues detected after target generation. Generation state is unexpected for target 'Synthesis'. Expected 'Generated', got 'Reset' for source 'c:/Users/User/Desktop/vivado_uub_20140612_20141031a/vivado_uub_20140612/vivado_uub_20140612.srcs/sources_1/ip/Interface_uub_2/Interface_uub_2.xci'
[Mon Feb 09 18:43:28 2015] Launched Interface_uub_2_synth_1...
Run output will be captured here: C:/Users/User/Desktop/vivado_uub_20140612_20141031a/vivado_uub_20140612/vivado_uub_20140612.runs/Interface_uub_2_synth_1/runme.log
set_property top zynq_design_wrapper [current_fileset]
add_files -norecurse -scan_for_includes
reset_run Interface_uub_2_synth_1
launch_runs Interface_uub_2_synth_1
WARNING: [Runs 36-53] Possible issues detected after target generation. Generation state is unexpected for target 'Synthesis'. Expected 'Generated', got 'Reset' for source 'c:/Users/User/Desktop/vivado_uub_20140612_20141031a/vivado_uub_20140612/vivado_uub_20140612.srcs/sources_1/ip/Interface_uub_2/Interface_uub_2.xci'
[Mon Feb 09 18:45:24 2015] Launched Interface_uub_2_synth_1...
Run output will be captured here: C:/Users/User/Desktop/vivado_uub_20140612_20141031a/vivado_uub_20140612/vivado_uub_20140612.runs/Interface_uub_2_synth_1/runme.log
exit
INFO: [Common 17-206] Exiting Vivado at Mon Feb 09 18:48:44 2015...
