#
# A fatal error has been detected by the Java Runtime Environment:
#
#  EXCEPTION_ACCESS_VIOLATION (0xc0000005) at pc=0x000007fed8bbef76, pid=10696, tid=8536
#
# JRE version: Java(TM) SE Runtime Environment (7.0_40-b43) (build 1.7.0_40-b43)
# Java VM: Java HotSpot(TM) 64-Bit Server VM (24.0-b56 mixed mode windows-amd64 compressed oops)
# Problematic frame:
# C  0x000007fed8bbef76
#
# Failed to write core dump. Minidumps are not enabled by default on client versions of Windows
#
# If you would like to submit a bug report, please visit:
#   http://bugreport.sun.com/bugreport/crash.jsp
# The crash happened outside the Java Virtual Machine in native code.
# See problematic frame for where to report the bug.
#

---------------  T H R E A D  ---------------

Current thread (0x0000000018293000):  JavaThread "AWT-EventQueue-1" [_thread_in_native, id=8536, stack(0x0000000019dc0000,0x000000001a0c0000)]

siginfo: ExceptionCode=0xc0000005, reading address 0x0000000000000020

Registers:
RAX=0x0000000000000000, RBX=0x00000000000017d8, RCX=0x000000001cc9fa80, RDX=0x000000001a0bcdd0
RSP=0x000000001a0bcd70, RBP=0x000000001a0bcee0, RSI=0x000000001cc9fa80, RDI=0x00000000182931e8
R8 =0x000000001cc9fa80, R9 =0x0000000000000001, R10=0x000007fed8bbef20, R11=0x000000001a0bce78
R12=0x0000000000000000, R13=0x000000001a0bcf40, R14=0x0000000000000000, R15=0x0000000018293000
RIP=0x000007fed8bbef76, EFLAGS=0x0000000000010246

Top of Stack: (sp=0x000000001a0bcd70)
0x000000001a0bcd70:   00000000183c1228 00000000674dfb15
0x000000001a0bcd80:   000000006757af50 00000000674f2e4b
0x000000001a0bcd90:   00000000182931e8 0000000000000000
0x000000001a0bcda0:   fffffffffffffffe fffffffffffffffe
0x000000001a0bcdb0:   0000000018293000 00000000674e6e00
0x000000001a0bcdc0:   0000000000000001 00000007f01fe8b8
0x000000001a0bcdd0:   000000000000001c 000000006757af50
0x000000001a0bcde0:   00006c56daa49245 000000001a0bce50
0x000000001a0bcdf0:   0000000018293000 000000001a0bce70
0x000000001a0bce00:   0000000000000000 000000000000000f
0x000000001a0bce10:   000000001a0bce80 000000000aa8edd4
0x000000001a0bce20:   00000000fe010dba 0000000732751d28
0x000000001a0bce30:   0000014c7afb6524 0000000734367400
0x000000001a0bce40:   00000007f0c06e68 0000000000000000
0x000000001a0bce50:   00000007f0c00c18 000078e3c2551b8e
0x000000001a0bce60:   000000001a0bced0 00000007f3026f20 

Instructions: (pc=0x000007fed8bbef76)
0x000007fed8bbef56:   c7 43 90 0f 00 00 00 45 33 f6 4d 89 73 88 45 88
0x000007fed8bbef66:   b3 78 ff ff ff 49 8b 00 48 8d 54 24 60 49 8b c8
0x000007fed8bbef76:   ff 50 20 90 48 8d 8c 24 80 00 00 00 48 83 cb ff
0x000007fed8bbef86:   48 3b c8 74 17 4c 8b cb 45 33 c0 48 8b d0 48 8d 


Register to memory mapping:

RAX=0x0000000000000000 is an unknown value
RBX=0x00000000000017d8 is an unknown value
RCX=0x000000001cc9fa80 is an unknown value
RDX=0x000000001a0bcdd0 is pointing into the stack for thread: 0x0000000018293000
RSP=0x000000001a0bcd70 is pointing into the stack for thread: 0x0000000018293000
RBP=0x000000001a0bcee0 is pointing into the stack for thread: 0x0000000018293000
RSI=0x000000001cc9fa80 is an unknown value
RDI=0x00000000182931e8 is an unknown value
R8 =0x000000001cc9fa80 is an unknown value
R9 =0x0000000000000001 is an unknown value
R10=0x000007fed8bbef20 is an unknown value
R11=0x000000001a0bce78 is pointing into the stack for thread: 0x0000000018293000
R12=0x0000000000000000 is an unknown value
R13=0x000000001a0bcf40 is pointing into the stack for thread: 0x0000000018293000
R14=0x0000000000000000 is an unknown value
R15=0x0000000018293000 is a thread


Stack: [0x0000000019dc0000,0x000000001a0c0000],  sp=0x000000001a0bcd70,  free space=3059k
Native frames: (J=compiled Java code, j=interpreted, Vv=VM code, C=native code)
C  0x000007fed8bbef76
J  ui.data.g.F.SO()Ljava/lang/String;
j  javax.swing.AbstractButton.fireActionPerformed(Ljava/awt/event/ActionEvent;)V+84
j  javax.swing.AbstractButton$Handler.actionPerformed(Ljava/awt/event/ActionEvent;)V+5
j  javax.swing.DefaultButtonModel.fireActionPerformed(Ljava/awt/event/ActionEvent;)V+35
j  javax.swing.DefaultButtonModel.setPressed(Z)V+117
j  javax.swing.AbstractButton.doClick(I)V+64
j  com.jidesoft.plaf.vsnet.VsnetMenuItemUI.doClick(Ljavax/swing/MenuSelectionManager;)V+17
j  com.jidesoft.plaf.vsnet.VsnetMenuItemUI$MouseInputHandler.mouseReleased(Ljava/awt/event/MouseEvent;)V+85

Java frames: (J=compiled Java code, j=interpreted, Vv=VM code)
J  ui.data.rsbi.RSBBlock_getVLNV(J)Ljava/lang/String;
J  ui.data.g.F.SO()Ljava/lang/String;
j  ui.views.F.cK.actionPerformed(Ljava/awt/event/ActionEvent;)V+17
j  javax.swing.AbstractButton.fireActionPerformed(Ljava/awt/event/ActionEvent;)V+84
j  javax.swing.AbstractButton$Handler.actionPerformed(Ljava/awt/event/ActionEvent;)V+5
j  javax.swing.DefaultButtonModel.fireActionPerformed(Ljava/awt/event/ActionEvent;)V+35
j  javax.swing.DefaultButtonModel.setPressed(Z)V+117
j  javax.swing.AbstractButton.doClick(I)V+64
j  com.jidesoft.plaf.vsnet.VsnetMenuItemUI.doClick(Ljavax/swing/MenuSelectionManager;)V+17
j  com.jidesoft.plaf.vsnet.VsnetMenuItemUI$MouseInputHandler.mouseReleased(Ljava/awt/event/MouseEvent;)V+85
J  java.awt.AWTEventMulticaster.mouseReleased(Ljava/awt/event/MouseEvent;)V
J  java.awt.AWTEventMulticaster.mouseReleased(Ljava/awt/event/MouseEvent;)V
J  java.awt.Component.processMouseEvent(Ljava/awt/event/MouseEvent;)V
J  javax.swing.JComponent.processMouseEvent(Ljava/awt/event/MouseEvent;)V
J  java.awt.Container.processEvent(Ljava/awt/AWTEvent;)V
J  java.awt.Component.dispatchEventImpl(Ljava/awt/AWTEvent;)V
J  java.awt.Container.dispatchEventImpl(Ljava/awt/AWTEvent;)V
J  java.awt.LightweightDispatcher.retargetMouseEvent(Ljava/awt/Component;ILjava/awt/event/MouseEvent;)V
J  java.awt.Container.dispatchEventImpl(Ljava/awt/AWTEvent;)V
J  java.awt.Window.dispatchEventImpl(Ljava/awt/AWTEvent;)V
J  java.awt.EventQueue$3.run()Ljava/lang/Object;
v  ~StubRoutines::call_stub
J  java.security.AccessController.doPrivileged(Ljava/security/PrivilegedAction;Ljava/security/AccessControlContext;)Ljava/lang/Object;
J  java.security.ProtectionDomain$1.doIntersectionPrivilege(Ljava/security/PrivilegedAction;Ljava/security/AccessControlContext;Ljava/security/AccessControlContext;)Ljava/lang/Object;
J  java.awt.EventQueue$4.run()Ljava/lang/Object;
v  ~StubRoutines::call_stub
J  java.security.AccessController.doPrivileged(Ljava/security/PrivilegedAction;Ljava/security/AccessControlContext;)Ljava/lang/Object;
J  ui.frmwork.a.e.dispatchEvent(Ljava/awt/AWTEvent;)V
J  java.awt.EventDispatchThread.pumpOneEventForFilters(I)V
J  java.awt.EventDispatchThread.pumpEventsForFilter(ILjava/awt/Conditional;Ljava/awt/EventFilter;)V
j  java.awt.EventDispatchThread.pumpEventsForHierarchy(ILjava/awt/Conditional;Ljava/awt/Component;)V+11
j  java.awt.EventDispatchThread.pumpEvents(ILjava/awt/Conditional;)V+4
j  java.awt.EventDispatchThread.pumpEvents(Ljava/awt/Conditional;)V+3
j  java.awt.EventDispatchThread.run()V+9
v  ~StubRoutines::call_stub

---------------  P R O C E S S  ---------------

Java Threads: ( => current thread )
  0x0000000061d81800 JavaThread "Image Fetcher 1" daemon [_thread_blocked, id=8332, stack(0x00000000644f0000,0x00000000647f0000)]
  0x0000000061b5f000 JavaThread "Image Fetcher 0" daemon [_thread_blocked, id=8964, stack(0x0000000063000000,0x0000000063300000)]
  0x0000000045c71000 JavaThread "Batik CleanerThread" daemon [_thread_blocked, id=10936, stack(0x0000000035e60000,0x0000000036160000)]
  0x0000000024047800 JavaThread "Monitor File Timestamp" [_thread_blocked, id=8220, stack(0x0000000025530000,0x0000000025830000)]
  0x0000000023396000 JavaThread "Monitor File Timestamp" [_thread_blocked, id=4556, stack(0x00000000250c0000,0x00000000253c0000)]
  0x0000000023397800 JavaThread "Monitor File Timestamp" [_thread_blocked, id=7584, stack(0x0000000024cd0000,0x0000000024fd0000)]
  0x000000001e1c5000 JavaThread "hw_ila_monitor" [_thread_blocked, id=10316, stack(0x000000001a140000,0x000000001a440000)]
  0x000000001dff5800 JavaThread "Update Runs" [_thread_blocked, id=9408, stack(0x000000001b470000,0x000000001b770000)]
  0x000000001dfbf800 JavaThread "Refresh Filesets" [_thread_blocked, id=10296, stack(0x000000001c440000,0x000000001c740000)]
  0x000000001e554800 JavaThread "Swing-Shell" daemon [_thread_blocked, id=4640, stack(0x000000001c120000,0x000000001c420000)]
  0x000000001e117800 JavaThread "Monitor File Timestamp" [_thread_blocked, id=10896, stack(0x000000001ef30000,0x000000001f230000)]
=>0x0000000018293000 JavaThread "AWT-EventQueue-1" [_thread_in_native, id=8536, stack(0x0000000019dc0000,0x000000001a0c0000)]
  0x0000000018290800 JavaThread "Process Messages" [_thread_blocked, id=9820, stack(0x0000000019930000,0x0000000019c30000)]
  0x00000000175c1000 JavaThread "Thread-3" [_thread_in_native, id=9956, stack(0x00000000028d0000,0x0000000003cd0000)]
  0x00000000175c6000 JavaThread "AWT-EventQueue-0" [_thread_blocked, id=8420, stack(0x0000000019480000,0x0000000019780000)]
  0x0000000017631800 JavaThread "AWT-Windows" daemon [_thread_in_native, id=10460, stack(0x0000000019130000,0x0000000019430000)]
  0x0000000017632800 JavaThread "AWT-Shutdown" [_thread_blocked, id=8060, stack(0x0000000018c90000,0x0000000018f90000)]
  0x0000000017633800 JavaThread "Java2D Disposer" daemon [_thread_blocked, id=4388, stack(0x0000000018710000,0x0000000018a10000)]
  0x00000000046f3000 JavaThread "TimerQueue" daemon [_thread_blocked, id=3396, stack(0x0000000017bc0000,0x0000000017ec0000)]
  0x0000000006158800 JavaThread "Service Thread" daemon [_thread_blocked, id=11116, stack(0x0000000017720000,0x0000000017a20000)]
  0x0000000006151000 JavaThread "C1 CompilerThread2" daemon [_thread_blocked, id=10456, stack(0x0000000010990000,0x0000000010a90000)]
  0x0000000006152800 JavaThread "C2 CompilerThread1" daemon [_thread_blocked, id=5028, stack(0x0000000011cc0000,0x0000000011dc0000)]
  0x000000000615b000 JavaThread "C2 CompilerThread0" daemon [_thread_blocked, id=5336, stack(0x000000000a7b0000,0x000000000a8b0000)]
  0x0000000006149800 JavaThread "Attach Listener" daemon [_thread_blocked, id=10236, stack(0x00000000118f0000,0x0000000011bf0000)]
  0x000000000614a800 JavaThread "Signal Dispatcher" daemon [_thread_blocked, id=6032, stack(0x00000000114b0000,0x00000000117b0000)]
  0x0000000006141000 JavaThread "Surrogate Locker Thread (Concurrent GC)" daemon [_thread_blocked, id=10976, stack(0x0000000011170000,0x0000000011470000)]
  0x00000000060da800 JavaThread "Finalizer" daemon [_thread_blocked, id=9392, stack(0x0000000010e70000,0x0000000011170000)]
  0x00000000060d1000 JavaThread "Reference Handler" daemon [_thread_blocked, id=8352, stack(0x0000000010aa0000,0x0000000010da0000)]
  0x0000000004b45800 JavaThread "main" [_thread_blocked, id=8048, stack(0x0000000008690000,0x0000000008790000)]

Other Threads:
  0x00000000060cb800 VMThread [stack: 0x000000000a570000,0x000000000a670000] [id=9536]
  0x0000000006163000 WatcherThread [stack: 0x000000000a6b0000,0x000000000a7b0000] [id=1516]

VM state:not at safepoint (normal execution)

VM Mutex/Monitor currently owned by a thread: None

Heap
 par new generation   total 55296K, used 45119K [0x0000000730000000, 0x0000000733c00000, 0x0000000733c00000)
  eden space 49152K,  82% used [0x0000000730000000, 0x000000073277aaa0, 0x0000000733000000)
  from space 6144K,  76% used [0x0000000733000000, 0x00000007334951c8, 0x0000000733600000)
  to   space 6144K,   0% used [0x0000000733600000, 0x0000000733600000, 0x0000000733c00000)
 concurrent mark-sweep generation total 181960K, used 104578K [0x0000000733c00000, 0x000000073edb2000, 0x00000007f0000000)
 concurrent-mark-sweep perm gen total 262144K, used 78475K [0x00000007f0000000, 0x0000000800000000, 0x0000000800000000)

Card table byte_map: [0x0000000008f10000,0x00000000095a0000] byte_map_base: 0x0000000005590000

Polling page: 0x0000000001be0000

Code Cache  [0x000000000a990000, 0x000000000df60000, 0x0000000010990000)
 total_blobs=13663 nmethods=12732 adapters=839 free_code_cache=43701Kb largest_free_block=44277568

Compilation events (10 events):
Event: 3989.923 Thread 0x0000000006151000 18055       3       ui.data.g.aq::isModified (26 bytes)
Event: 3989.924 Thread 0x0000000006151000 nmethod 18055 0x000000000c00a690 code [0x000000000c00a820, 0x000000000c00aba8]
Event: 3989.931 Thread 0x0000000006151000 18056       3       ui.data.g.S::isModified (8 bytes)
Event: 3989.931 Thread 0x0000000006151000 nmethod 18056 0x000000000c3d30d0 code [0x000000000c3d3240, 0x000000000c3d3408]
Event: 3989.939 Thread 0x0000000006151000 18057       3       ui.views.G.u::update (48 bytes)
Event: 3989.940 Thread 0x0000000006151000 nmethod 18057 0x000000000c95f850 code [0x000000000c95fb20, 0x000000000c960c48]
Event: 3989.948 Thread 0x0000000006151000 18058       3       com.jidesoft.swing.StyledLabel::getMaximumSize (26 bytes)
Event: 3989.948 Thread 0x0000000006151000 nmethod 18058 0x000000000c3d2a10 code [0x000000000c3d2ba0, 0x000000000c3d2f48]
Event: 3989.987 Thread 0x0000000006152800 18059       4       ui.g.i.v.az::a (137 bytes)
Event: 3989.999 Thread 0x0000000006152800 nmethod 18059 0x000000000c95d910 code [0x000000000c95dae0, 0x000000000c95e2c8]

GC Heap History (10 events):
Event: 3976.109 GC heap before
{Heap before GC invocations=148 (full 20):
 par new generation   total 55296K, used 51519K [0x0000000730000000, 0x0000000733c00000, 0x0000000733c00000)
  eden space 49152K, 100% used [0x0000000730000000, 0x0000000733000000, 0x0000000733000000)
  from space 6144K,  38% used [0x0000000733600000, 0x000000073384fdd0, 0x0000000733c00000)
  to   space 6144K,   0% used [0x0000000733000000, 0x0000000733000000, 0x0000000733600000)
 concurrent mark-sweep generation total 181960K, used 110703K [0x0000000733c00000, 0x000000073edb2000, 0x00000007f0000000)
 concurrent-mark-sweep perm gen total 262144K, used 78426K [0x00000007f0000000, 0x0000000800000000, 0x0000000800000000)
Event: 3976.114 GC heap after
Heap after GC invocations=149 (full 20):
 par new generation   total 55296K, used 2722K [0x0000000730000000, 0x0000000733c00000, 0x0000000733c00000)
  eden space 49152K,   0% used [0x0000000730000000, 0x0000000730000000, 0x0000000733000000)
  from space 6144K,  44% used [0x0000000733000000, 0x00000007332a8ad0, 0x0000000733600000)
  to   space 6144K,   0% used [0x0000000733600000, 0x0000000733600000, 0x0000000733c00000)
 concurrent mark-sweep generation total 181960K, used 110703K [0x0000000733c00000, 0x000000073edb2000, 0x00000007f0000000)
 concurrent-mark-sweep perm gen total 262144K, used 78426K [0x00000007f0000000, 0x0000000800000000, 0x0000000800000000)
}
Event: 3978.214 GC heap before
{Heap before GC invocations=149 (full 20):
 par new generation   total 55296K, used 51874K [0x0000000730000000, 0x0000000733c00000, 0x0000000733c00000)
  eden space 49152K, 100% used [0x0000000730000000, 0x0000000733000000, 0x0000000733000000)
  from space 6144K,  44% used [0x0000000733000000, 0x00000007332a8ad0, 0x0000000733600000)
  to   space 6144K,   0% used [0x0000000733600000, 0x0000000733600000, 0x0000000733c00000)
 concurrent mark-sweep generation total 181960K, used 110703K [0x0000000733c00000, 0x000000073edb2000, 0x00000007f0000000)
 concurrent-mark-sweep perm gen total 262144K, used 78442K [0x00000007f0000000, 0x0000000800000000, 0x0000000800000000)
Event: 3978.221 GC heap after
Heap after GC invocations=150 (full 20):
 par new generation   total 55296K, used 2669K [0x0000000730000000, 0x0000000733c00000, 0x0000000733c00000)
  eden space 49152K,   0% used [0x0000000730000000, 0x0000000730000000, 0x0000000733000000)
  from space 6144K,  43% used [0x0000000733600000, 0x000000073389b500, 0x0000000733c00000)
  to   space 6144K,   0% used [0x0000000733000000, 0x0000000733000000, 0x0000000733600000)
 concurrent mark-sweep generation total 181960K, used 110706K [0x0000000733c00000, 0x000000073edb2000, 0x00000007f0000000)
 concurrent-mark-sweep perm gen total 262144K, used 78442K [0x00000007f0000000, 0x0000000800000000, 0x0000000800000000)
}
Event: 3978.380 GC heap before
{Heap before GC invocations=150 (full 20):
 par new generation   total 55296K, used 11755K [0x0000000730000000, 0x0000000733c00000, 0x0000000733c00000)
  eden space 49152K,  18% used [0x0000000730000000, 0x00000007308df9c8, 0x0000000733000000)
  from space 6144K,  43% used [0x0000000733600000, 0x000000073389b500, 0x0000000733c00000)
  to   space 6144K,   0% used [0x0000000733000000, 0x0000000733000000, 0x0000000733600000)
 concurrent mark-sweep generation total 181960K, used 110706K [0x0000000733c00000, 0x000000073edb2000, 0x00000007f0000000)
 concurrent-mark-sweep perm gen total 262144K, used 78445K [0x00000007f0000000, 0x0000000800000000, 0x0000000800000000)
Event: 3978.897 GC heap after
Heap after GC invocations=151 (full 21):
 par new generation   total 55296K, used 0K [0x0000000730000000, 0x0000000733c00000, 0x0000000733c00000)
  eden space 49152K,   0% used [0x0000000730000000, 0x0000000730000000, 0x0000000733000000)
  from space 6144K,   0% used [0x0000000733600000, 0x0000000733600000, 0x0000000733c00000)
  to   space 6144K,   0% used [0x0000000733000000, 0x0000000733000000, 0x0000000733600000)
 concurrent mark-sweep generation total 181960K, used 106024K [0x0000000733c00000, 0x000000073edb2000, 0x00000007f0000000)
 concurrent-mark-sweep perm gen total 262144K, used 78441K [0x00000007f0000000, 0x0000000800000000, 0x0000000800000000)
}
Event: 3978.919 GC heap before
{Heap before GC invocations=151 (full 21):
 par new generation   total 55296K, used 2197K [0x0000000730000000, 0x0000000733c00000, 0x0000000733c00000)
  eden space 49152K,   4% used [0x0000000730000000, 0x0000000730225778, 0x0000000733000000)
  from space 6144K,   0% used [0x0000000733600000, 0x0000000733600000, 0x0000000733c00000)
  to   space 6144K,   0% used [0x0000000733000000, 0x0000000733000000, 0x0000000733600000)
 concurrent mark-sweep generation total 181960K, used 106024K [0x0000000733c00000, 0x000000073edb2000, 0x00000007f0000000)
 concurrent-mark-sweep perm gen total 262144K, used 78441K [0x00000007f0000000, 0x0000000800000000, 0x0000000800000000)
Event: 3979.388 GC heap after
Heap after GC invocations=152 (full 22):
 par new generation   total 55296K, used 0K [0x0000000730000000, 0x0000000733c00000, 0x0000000733c00000)
  eden space 49152K,   0% used [0x0000000730000000, 0x0000000730000000, 0x0000000733000000)
  from space 6144K,   0% used [0x0000000733600000, 0x0000000733600000, 0x0000000733c00000)
  to   space 6144K,   0% used [0x0000000733000000, 0x0000000733000000, 0x0000000733600000)
 concurrent mark-sweep generation total 181960K, used 104578K [0x0000000733c00000, 0x000000073edb2000, 0x00000007f0000000)
 concurrent-mark-sweep perm gen total 262144K, used 78441K [0x00000007f0000000, 0x0000000800000000, 0x0000000800000000)
}
Event: 3987.634 GC heap before
{Heap before GC invocations=152 (full 22):
 par new generation   total 55296K, used 49152K [0x0000000730000000, 0x0000000733c00000, 0x0000000733c00000)
  eden space 49152K, 100% used [0x0000000730000000, 0x0000000733000000, 0x0000000733000000)
  from space 6144K,   0% used [0x0000000733600000, 0x0000000733600000, 0x0000000733c00000)
  to   space 6144K,   0% used [0x0000000733000000, 0x0000000733000000, 0x0000000733600000)
 concurrent mark-sweep generation total 181960K, used 104578K [0x0000000733c00000, 0x000000073edb2000, 0x00000007f0000000)
 concurrent-mark-sweep perm gen total 262144K, used 78447K [0x00000007f0000000, 0x0000000800000000, 0x0000000800000000)
Event: 3987.644 GC heap after
Heap after GC invocations=153 (full 22):
 par new generation   total 55296K, used 4692K [0x0000000730000000, 0x0000000733c00000, 0x0000000733c00000)
  eden space 49152K,   0% used [0x0000000730000000, 0x0000000730000000, 0x0000000733000000)
  from space 6144K,  76% used [0x0000000733000000, 0x00000007334951c8, 0x0000000733600000)
  to   space 6144K,   0% used [0x0000000733600000, 0x0000000733600000, 0x0000000733c00000)
 concurrent mark-sweep generation total 181960K, used 104578K [0x0000000733c00000, 0x000000073edb2000, 0x00000007f0000000)
 concurrent-mark-sweep perm gen total 262144K, used 78447K [0x00000007f0000000, 0x0000000800000000, 0x0000000800000000)
}

Deoptimization events (10 events):
Event: 3977.711 Thread 0x0000000018293000 Uncommon trap: reason=bimorphic action=maybe_recompile pc=0x000000000be204b8 method=com.jidesoft.grid.AbstractExpandable.getNumberOfVisibleExpandable()I @ 8
Event: 3978.164 Thread 0x0000000018293000 Uncommon trap: reason=bimorphic action=maybe_recompile pc=0x000000000ab719bc method=javax.swing.plaf.basic.BasicListUI.maybeUpdateLayoutState()V @ 8
Event: 3978.375 Thread 0x0000000018293000 Uncommon trap: reason=unreached action=reinterpret pc=0x000000000affed34 method=javax.swing.event.EventListenerList.remove(Ljava/lang/Class;Ljava/util/EventListener;)V @ 1
Event: 3982.521 Thread 0x0000000018293000 Uncommon trap: reason=bimorphic action=maybe_recompile pc=0x000000000dcc2cf8 method=javax.swing.JMenuItem.setIconFromAction(Ljavax/swing/Action;)V @ 9
Event: 3982.521 Thread 0x0000000018293000 Uncommon trap: reason=bimorphic action=maybe_recompile pc=0x000000000dcd4c70 method=javax.swing.JMenuItem.configureAcceleratorFromAction(Ljavax/swing/Action;)V @ 11
Event: 3984.938 Thread 0x0000000018293000 Uncommon trap: reason=bimorphic action=maybe_recompile pc=0x000000000dcc2cf8 method=javax.swing.JMenuItem.setIconFromAction(Ljavax/swing/Action;)V @ 9
Event: 3984.938 Thread 0x0000000018293000 Uncommon trap: reason=bimorphic action=maybe_recompile pc=0x000000000dcd4c70 method=javax.swing.JMenuItem.configureAcceleratorFromAction(Ljavax/swing/Action;)V @ 11
Event: 3988.131 Thread 0x0000000018293000 Uncommon trap: reason=bimorphic action=maybe_recompile pc=0x000000000b0beb00 method=ui.data.common.a.toString()Ljava/lang/String; @ 1
Event: 3988.132 Thread 0x0000000018293000 Uncommon trap: reason=bimorphic action=maybe_recompile pc=0x000000000b0beb00 method=ui.data.common.a.toString()Ljava/lang/String; @ 1
Event: 3988.229 Thread 0x0000000018293000 Uncommon trap: reason=class_check action=maybe_recompile pc=0x000000000cc7a5a0 method=com.jidesoft.swing.JideBoxLayout.layoutContainer(Ljava/awt/Container;)V @ 343

Internal exceptions (10 events):
Event: 3977.012 Thread 0x0000000018293000 Threw 0x00000007309293e8 at C:\jdk7u2_64p\jdk7u40\hotspot\src\share\vm\prims\jni.cpp:717
Event: 3977.865 Thread 0x00000000184fe000 Threw 0x00000007318621b8 at C:\jdk7u2_64p\jdk7u40\hotspot\src\share\vm\prims\jvm.cpp:2965
Event: 3977.866 Thread 0x00000000184f1000 Threw 0x00000007309ac710 at C:\jdk7u2_64p\jdk7u40\hotspot\src\share\vm\prims\jvm.cpp:2965
Event: 3977.938 Thread 0x000000004f706800 Threw 0x0000000731b9b4f0 at C:\jdk7u2_64p\jdk7u40\hotspot\src\share\vm\prims\jvm.cpp:2965
Event: 3977.979 Thread 0x000000004f705800 Threw 0x0000000731f07b58 at C:\jdk7u2_64p\jdk7u40\hotspot\src\share\vm\prims\jvm.cpp:2965
Event: 3978.019 Thread 0x000000004f705000 Threw 0x000000073226dad0 at C:\jdk7u2_64p\jdk7u40\hotspot\src\share\vm\prims\jvm.cpp:2965
Event: 3978.077 Thread 0x0000000047cd6000 Threw 0x00000007326b4200 at C:\jdk7u2_64p\jdk7u40\hotspot\src\share\vm\prims\jvm.cpp:2965
Event: 3978.260 Thread 0x000000004f707800 Threw 0x0000000730481f78 at C:\jdk7u2_64p\jdk7u40\hotspot\src\share\vm\prims\jvm.cpp:2965
Event: 3978.374 Thread 0x0000000018293000 Implicit null exception at 0x000000000affe6fb to 0x000000000affed19
Event: 3988.347 Thread 0x0000000018293000 Threw 0x0000000731151790 at C:\jdk7u2_64p\jdk7u40\hotspot\src\share\vm\prims\jni.cpp:717

Events (10 events):
Event: 3989.916 Executing VM operation: RevokeBias done
Event: 3989.916 Executing VM operation: RevokeBias
Event: 3989.916 Executing VM operation: RevokeBias done
Event: 3989.916 Thread 0x000000004a3e4800 Thread exited: 0x000000004a3e4800
Event: 3989.917 Executing VM operation: RevokeBias
Event: 3989.917 Executing VM operation: RevokeBias done
Event: 3989.919 Thread 0x000000000615b000 flushing nmethod 0x000000000c00a550
Event: 3989.924 Thread 0x0000000006151000 flushing nmethod 0x000000000c3d2890
Event: 3989.934 Thread 0x0000000006151000 flushing nmethod 0x000000000c9581d0
Event: 3989.941 Thread 0x0000000006151000 flushing nmethod 0x000000000cd13990


Dynamic libraries:
0x000000013f810000 - 0x000000013f84d000 	C:\Xilinx\Vivado\2014.2\bin\unwrapped\win64.o\vivado.exe
0x0000000077bc0000 - 0x0000000077d69000 	C:\Windows\SYSTEM32\ntdll.dll
0x0000000077aa0000 - 0x0000000077bbf000 	C:\Windows\system32\kernel32.dll
0x000007fefd9d0000 - 0x000007fefda3c000 	C:\Windows\system32\KERNELBASE.dll
0x000000000a900000 - 0x000000000a98d000 	C:\Xilinx\Vivado\2014.2\lib\win64.o\SHSMP64.dll
0x00000000779a0000 - 0x0000000077a9a000 	C:\Windows\system32\USER32.dll
0x000007feffdb0000 - 0x000007feffe17000 	C:\Windows\system32\GDI32.dll
0x000007feffec0000 - 0x000007feffece000 	C:\Windows\system32\LPK.dll
0x000007feff170000 - 0x000007feff239000 	C:\Windows\system32\USP10.dll
0x000007fefed60000 - 0x000007fefedff000 	C:\Windows\system32\msvcrt.dll
0x000007feff970000 - 0x000007feffa4b000 	C:\Windows\system32\ADVAPI32.dll
0x000007feffb80000 - 0x000007feffb9f000 	C:\Windows\SYSTEM32\sechost.dll
0x000007feffa50000 - 0x000007feffb7d000 	C:\Windows\system32\RPCRT4.dll
0x000007fefc870000 - 0x000007fefc87c000 	C:\Windows\system32\VERSION.dll
0x000007fef9ac0000 - 0x000007fef9ad3000 	C:\Xilinx\Vivado\2014.2\lib\win64.o\libboost_signals.dll
0x000007fef3460000 - 0x000007fef3507000 	C:\Windows\system32\MSVCP110.dll
0x000007fef2c30000 - 0x000007fef2d04000 	C:\Windows\system32\MSVCR110.dll
0x000007fee9510000 - 0x000007fee9cb3000 	C:\Xilinx\Vivado\2014.2\lib\win64.o\librdi_common.dll
0x000007feea000000 - 0x000007feea2a8000 	C:\Xilinx\Vivado\2014.2\lib\win64.o\libCOIN-all.dll
0x000007fee9040000 - 0x000007fee925e000 	C:\Xilinx\Vivado\2014.2\lib\win64.o\libXil_lmgr11.dll
0x000007fefc8d0000 - 0x000007fefc8e6000 	C:\Windows\system32\NETAPI32.dll
0x000007fefc8c0000 - 0x000007fefc8cc000 	C:\Windows\system32\netutils.dll
0x000007fefd4e0000 - 0x000007fefd503000 	C:\Windows\system32\srvcli.dll
0x000007fefc8a0000 - 0x000007fefc8b5000 	C:\Windows\system32\wkscli.dll
0x000007fefec60000 - 0x000007fefecf7000 	C:\Windows\system32\COMDLG32.dll
0x000007feff3d0000 - 0x000007feff441000 	C:\Windows\system32\SHLWAPI.dll
0x000007fef8430000 - 0x000007fef84d0000 	C:\Windows\WinSxS\amd64_microsoft.windows.common-controls_6595b64144ccf1df_5.82.7601.18201_none_a4d3b9377117c3df\COMCTL32.dll
0x000007fefdea0000 - 0x000007fefec29000 	C:\Windows\system32\SHELL32.dll
0x000007feedb10000 - 0x000007feedb19000 	C:\Windows\system32\WSOCK32.dll
0x000007fefed10000 - 0x000007fefed5d000 	C:\Windows\system32\WS2_32.dll
0x000007fefed00000 - 0x000007fefed08000 	C:\Windows\system32\NSI.dll
0x000007fefdd40000 - 0x000007fefde17000 	C:\Windows\system32\OLEAUT32.dll
0x000007feffba0000 - 0x000007feffda3000 	C:\Windows\system32\ole32.dll
0x000007fefdb20000 - 0x000007fefdb5b000 	C:\Windows\system32\WINTRUST.dll
0x000007fefdbd0000 - 0x000007fefdd3d000 	C:\Windows\system32\CRYPT32.dll
0x000007fefd990000 - 0x000007fefd99f000 	C:\Windows\system32\MSASN1.dll
0x000007fefb490000 - 0x000007fefb4a0000 	C:\Xilinx\Vivado\2014.2\lib\win64.o\libboost_date_time.dll
0x000007fef9a50000 - 0x000007fef9a71000 	C:\Xilinx\Vivado\2014.2\lib\win64.o\libboost_filesystem.dll
0x000007fef9ab0000 - 0x000007fef9ab9000 	C:\Xilinx\Vivado\2014.2\lib\win64.o\libboost_system.dll
0x000007fef2d70000 - 0x000007fef2de4000 	C:\Xilinx\Vivado\2014.2\lib\win64.o\libboost_program_options.dll
0x000007fef1fc0000 - 0x000007fef20bb000 	C:\Xilinx\Vivado\2014.2\lib\win64.o\libboost_regex.dll
0x000007fef9a10000 - 0x000007fef9a2c000 	C:\Xilinx\Vivado\2014.2\lib\win64.o\libboost_thread.dll
0x000007fef9aa0000 - 0x000007fef9aab000 	C:\Xilinx\Vivado\2014.2\lib\win64.o\libboost_chrono.dll
0x000007feee4e0000 - 0x000007feee560000 	C:\Xilinx\Vivado\2014.2\lib\win64.o\libhdlpsolve.dll
0x000007fee8fa0000 - 0x000007fee903a000 	C:\Xilinx\Vivado\2014.2\lib\win64.o\libhdxml.dll
0x000007fee88a0000 - 0x000007fee8f95e00 	C:\Xilinx\Vivado\2014.2\lib\win64.o\libisl_iostreams.dll
0x000007fef99f0000 - 0x000007fef9a07000 	C:\Xilinx\Vivado\2014.2\lib\win64.o\libboost_iostreams.dll
0x000007fef97a0000 - 0x000007fef97c3000 	C:\Xilinx\Vivado\2014.2\lib\win64.o\librdizlib.dll
0x000007fef9770000 - 0x000007fef9793000 	C:\Xilinx\Vivado\2014.2\lib\win64.o\libisl_iosutils.dll
0x000007fef9680000 - 0x000007fef96aa000 	C:\Xilinx\Vivado\2014.2\lib\win64.o\libisl_sysinfo.dll
0x000000005c070000 - 0x000000005c839000 	C:\Xilinx\Vivado\2014.2\tps\win64\jre\bin\server\jvm.dll
0x000007fefb510000 - 0x000007fefb54b000 	C:\Windows\system32\WINMM.dll
0x0000000077d90000 - 0x0000000077d97000 	C:\Windows\system32\PSAPI.DLL
0x0000000075560000 - 0x0000000075632000 	C:\Windows\system32\MSVCR100.dll
0x000007fef99d0000 - 0x000007fef99e5000 	C:\Xilinx\Vivado\2014.2\lib\win64.o\pthreadVC2.dll
0x000007fef3600000 - 0x000007fef3654000 	C:\Xilinx\Vivado\2014.2\lib\win64.o\librdi_commonxillic.dll
0x000007fee8770000 - 0x000007fee88a0000 	C:\Xilinx\Vivado\2014.2\lib\win64.o\librdi_curl.dll
0x000007fef96d0000 - 0x000007fef96e8000 	C:\Xilinx\Vivado\2014.2\lib\win64.o\librdiconfig.dll
0x0000000067990000 - 0x0000000067ab7000 	C:\Xilinx\Vivado\2014.2\lib\win64.o\tcl85t.dll
0x0000000012000000 - 0x0000000012263000 	C:\Xilinx\Vivado\2014.2\lib\win64.o\xerces-c_3_1.dll
0x000007feff450000 - 0x000007feff698000 	C:\Windows\system32\WININET.dll
0x000007fefd9c0000 - 0x000007fefd9c4000 	C:\Windows\system32\api-ms-win-downlevel-user32-l1-1-0.dll
0x000007fefd9b0000 - 0x000007fefd9b4000 	C:\Windows\system32\api-ms-win-downlevel-shlwapi-l1-1-0.dll
0x000007fefdb10000 - 0x000007fefdb14000 	C:\Windows\system32\api-ms-win-downlevel-version-l1-1-0.dll
0x000007fefdba0000 - 0x000007fefdba3000 	C:\Windows\system32\api-ms-win-downlevel-normaliz-l1-1-0.dll
0x0000000077d80000 - 0x0000000077d83000 	C:\Windows\system32\normaliz.DLL
0x000007feff6a0000 - 0x000007feff967000 	C:\Windows\system32\iertutil.dll
0x000007fefdae0000 - 0x000007fefdae5000 	C:\Windows\system32\api-ms-win-downlevel-advapi32-l1-1-0.dll
0x000007fefdbb0000 - 0x000007fefdbce000 	C:\Windows\system32\USERENV.dll
0x000007fefd980000 - 0x000007fefd98f000 	C:\Windows\system32\profapi.dll
0x000007fefafd0000 - 0x000007fefb041000 	C:\Windows\system32\WINHTTP.dll
0x000007fefaf60000 - 0x000007fefafc4000 	C:\Windows\system32\webio.dll
0x000007fefee00000 - 0x000007fefef85000 	C:\Windows\system32\urlmon.dll
0x000007fefd9a0000 - 0x000007fefd9a4000 	C:\Windows\system32\api-ms-win-downlevel-ole32-l1-1-0.dll
0x000007fef9460000 - 0x000007fef9483000 	C:\Windows\system32\VCOMP110.DLL
0x000007fef9660000 - 0x000007fef9671000 	C:\Xilinx\Vivado\2014.2\lib\win64.o\librdi_commonmain.dll
0x000007fef9a40000 - 0x000007fef9a48000 	C:\Xilinx\Vivado\2014.2\lib\win64.o\librdi_commonversion.dll
0x000007fefec30000 - 0x000007fefec5e000 	C:\Windows\system32\IMM32.DLL
0x000007feff240000 - 0x000007feff349000 	C:\Windows\system32\MSCTF.dll
0x000007fee8100000 - 0x000007fee84b0000 	C:\Xilinx\Vivado\2014.2\lib\win64.o\librdi_commontasks.dll
0x000007fee78f0000 - 0x000007fee8100000 	C:\Xilinx\Vivado\2014.2\lib\win64.o\libXil_lmgr11FNP.dll
0x000007fef93c0000 - 0x000007fef93e7000 	C:\Windows\system32\iphlpapi.dll
0x000007fef93b0000 - 0x000007fef93bb000 	C:\Windows\system32\WINNSI.DLL
0x000007fef22a0000 - 0x000007fef22ab000 	C:\Windows\system32\snmpapi.dll
0x000007fefef90000 - 0x000007feff167000 	C:\Windows\system32\SETUPAPI.dll
0x000007fefdb60000 - 0x000007fefdb96000 	C:\Windows\system32\CFGMGR32.dll
0x000007fefdaf0000 - 0x000007fefdb0a000 	C:\Windows\system32\DEVOBJ.dll
0x000007fefb5b0000 - 0x000007fefb621000 	C:\Windows\system32\WINSPOOL.DRV
0x000007fefb680000 - 0x000007fefb6d4000 	C:\Windows\system32\OLEACC.dll
0x000007fefd180000 - 0x000007fefd198000 	C:\Windows\system32\CRYPTSP.dll
0x000007fefce80000 - 0x000007fefcec7000 	C:\Windows\system32\rsaenh.dll
0x000007fefd780000 - 0x000007fefd78f000 	C:\Windows\system32\CRYPTBASE.dll
0x000007fefbca0000 - 0x000007fefbcf6000 	C:\Windows\system32\uxtheme.dll
0x000007fefaa80000 - 0x000007fefaa95000 	C:\Windows\system32\NLAapi.dll
0x000007fef2eb0000 - 0x000007fef2ec5000 	C:\Windows\system32\napinsp.dll
0x000007fef2e90000 - 0x000007fef2ea9000 	C:\Windows\system32\pnrpnsp.dll
0x000007fef2e40000 - 0x000007fef2e50000 	C:\Windows\system32\wshbth.dll
0x0000000063560000 - 0x0000000063569000 	C:\Program Files\National Instruments\Shared\mDNS Responder\nimdnsNSP.dll
0x0000000063550000 - 0x000000006355e000 	C:\Windows\system32\nimdnsResponder.dll
0x000000006a260000 - 0x000000006a303000 	C:\Windows\WinSxS\amd64_microsoft.vc90.crt_1fc8b3b9a1e18e3b_9.0.30729.6161_none_08e61857a83bc251\MSVCR90.dll
0x000007fefd120000 - 0x000007fefd175000 	C:\Windows\System32\mswsock.dll
0x000007fefcfa0000 - 0x000007fefcffb000 	C:\Windows\system32\DNSAPI.dll
0x000007feffe20000 - 0x000007feffeb9000 	C:\Windows\system32\CLBCatQ.DLL
0x000007fef2b90000 - 0x000007fef2b9b000 	C:\Windows\System32\winrnr.dll
0x000007fef8ff0000 - 0x000007fef9043000 	C:\Windows\System32\fwpuclnt.dll
0x000007fefd8d0000 - 0x000007fefd8e4000 	C:\Windows\system32\RpcRtRemote.dll
0x000007fef3670000 - 0x000007fef3678000 	C:\Windows\system32\rasadhlp.dll
0x000007fefd110000 - 0x000007fefd117000 	C:\Windows\System32\wship6.dll
0x000007fefc4a0000 - 0x000007fefc4a7000 	C:\Windows\System32\wshtcpip.dll
0x000007fee7130000 - 0x000007fee7663000 	C:\Xilinx\Vivado\2014.2\lib\win64.o\librdi_coretasks.dll
0x000007fee6f70000 - 0x000007fee7129000 	C:\Xilinx\Vivado\2014.2\lib\win64.o\librdi_chipscope.dll
0x000007fef2a40000 - 0x000007fef2aa3000 	C:\Xilinx\Vivado\2014.2\lib\win64.o\liblmx6.0.dll
0x000007fee6120000 - 0x000007fee6f65000 	C:\Xilinx\Vivado\2014.2\lib\win64.o\librdi_constraints.dll
0x000007fee3d90000 - 0x000007fee6112000 	C:\Xilinx\Vivado\2014.2\lib\win64.o\librdi_device.dll
0x000007fee86f0000 - 0x000007fee876e000 	C:\Xilinx\Vivado\2014.2\lib\win64.o\libboost_serialization.dll
0x000007fee3670000 - 0x000007fee3d8a000 	C:\Xilinx\Vivado\2014.2\lib\win64.o\libverific.dll
0x000007fee33c0000 - 0x000007fee3661000 	C:\Xilinx\Vivado\2014.2\lib\win64.o\librdi_filemgmt.dll
0x000007fee2fd0000 - 0x000007fee33ba000 	C:\Xilinx\Vivado\2014.2\lib\win64.o\librdi_netlist.dll
0x000007fee2b10000 - 0x000007fee2fc1000 	C:\Xilinx\Vivado\2014.2\lib\win64.o\librdi_psta.dll
0x000007fee1850000 - 0x000007fee2b0e000 	C:\Xilinx\Vivado\2014.2\lib\win64.o\librdi_coregen.dll
0x000007fee11c0000 - 0x000007fee184a000 	C:\Xilinx\Vivado\2014.2\lib\win64.o\librdi_coregenipxact.dll
0x000007feddcb0000 - 0x000007fee11b1000 	C:\Xilinx\Vivado\2014.2\lib\win64.o\librdi_designutils.dll
0x000007feddac0000 - 0x000007feddcb0000 	C:\Xilinx\Vivado\2014.2\lib\win64.o\librdi_bitstream.dll
0x000007fedd580000 - 0x000007feddac0000 	C:\Xilinx\Vivado\2014.2\lib\win64.o\librdi_xdm.dll
0x000007fedd1a0000 - 0x000007fedd578000 	C:\Xilinx\Vivado\2014.2\lib\win64.o\librdi_drc.dll
0x000007fedc960000 - 0x000007fedd198000 	C:\Xilinx\Vivado\2014.2\lib\win64.o\librdi_timing.dll
0x000007fedc770000 - 0x000007fedc95b000 	C:\Xilinx\Vivado\2014.2\lib\win64.o\librdi_dlyest.dll
0x000007fee8650000 - 0x000007fee86e7000 	C:\Xilinx\Vivado\2014.2\lib\win64.o\libise.dll

VM Arguments:
jvm_args: -Dsun.java2d.pmoffscreen=false -Xverify:none -Dswing.aatext=true -XX:-UsePerfData -Djdk.map.althashing.threshold=512 -XX:StringTableSize=4072 -Djava.util.Arrays.useLegacyMergeSort=true -XX:PermSize=256m -XX:MaxPermSize=256m -XX:NewSize=60m -XX:MaxNewSize=60m -XX:+UseConcMarkSweepGC -XX:+UseParNewGC -XX:+CMSParallelRemarkEnabled -XX:+CMSScavengeBeforeRemark -XX:+CMSClassUnloadingEnabled -XX:+UseNUMA -XX:+AggressiveOpts -XX:+UseFastAccessorMethods -XX:+UseFastEmptyMethods -XX:+UseBiasedLocking -XX:+TieredCompilation -Xms128m -Xmx3072m -Xss3m 
java_command: <unknown>
Launcher Type: generic

Environment Variables:
PATH=C:/Xilinx/Vivado/2014.2/bin;C:/Xilinx/Vivado/2014.2/lib/win64.o;C:/Xilinx/Vivado/2014.2/tps/win64/jre/bin/server;C:/Xilinx/Vivado/2014.2/tps/win64/jre/bin;C:/Xilinx/SDK/2014.2/bin;C:/Xilinx/Vivado/2014.2/ids_lite/ISE/bin/nt64;C:/Xilinx/Vivado/2014.2/ids_lite/ISE/lib/nt64;C:\Program Files\Broadcom\Broadcom 802.11 Network Adapter\Driver;;C:\Program Files (x86)\Intel\iCLS Client\;C:\Program Files\Intel\iCLS Client\;C:\Windows\system32;C:\Windows;C:\Windows\System32\Wbem;C:\Windows\System32\WindowsPowerShell\v1.0\;C:\Program Files (x86)\Intel\OpenCL SDK\2.0\bin\x86;C:\Program Files (x86)\Intel\OpenCL SDK\2.0\bin\x64;C:\Program Files\Intel\Intel(R) Management Engine Components\DAL;C:\Program Files\Intel\Intel(R) Management Engine Components\IPT;C:\Program Files (x86)\Intel\Intel(R) Management Engine Components\DAL;C:\Program Files (x86)\Intel\Intel(R) Management Engine Components\IPT;C:\Program Files\Lenovo\Bluetooth Software\;C:\Program Files\Lenovo\Bluetooth Software\syswow64;C:\Program Files (x86)\IVI Foundation\VISA\WinNT\Bin\;C:\Program Files\IVI Foundation\VISA\Win64\Bin\;C:\Program Files (x86)\IVI Foundation\VISA\WinNT\Bin
USERNAME=User
OS=Windows_NT
PROCESSOR_IDENTIFIER=Intel64 Family 6 Model 58 Stepping 9, GenuineIntel



---------------  S Y S T E M  ---------------

OS: Windows 7 , 64 bit Build 7601 Service Pack 1

CPU:total 4 (2 cores per cpu, 2 threads per core) family 6 model 58 stepping 9, cmov, cx8, fxsr, mmx, sse, sse2, sse3, ssse3, sse4.1, sse4.2, popcnt, avx, erms, ht, tsc, tscinvbit, tscinv

Memory: 4k page, physical 3759976k(426220k free), swap 9066736k(3696936k free)

vm_info: Java HotSpot(TM) 64-Bit Server VM (24.0-b56) for windows-amd64 JRE (1.7.0_40-b43), built on Aug 26 2013 22:38:32 by "java_re" with unknown MS VC++:1600

time: Thu Apr 02 18:33:58 2015
elapsed time: 3991 seconds

