#-----------------------------------------------------------
# Vivado v2014.2 (64-bit)
# SW Build 932637 on Wed Jun 11 13:33:10 MDT 2014
# IP Build 924643 on Fri May 30 09:20:16 MDT 2014
# Start of session at: Tue Apr 21 18:57:39 2015
# Process ID: 9460
# Log file: C:/Xilinx/Vivado/2014.2/progetti/WP1/WP1/vivado.log
# Journal file: C:/Xilinx/Vivado/2014.2/progetti/WP1/WP1\vivado.jou
#-----------------------------------------------------------
start_gui
open_project {C:\Xilinx\Vivado\2014.2\progetti\WP1\WP1\WP1.xpr}
WARNING: [filemgmt 56-3] IP Repository Path: Could not find the directory 'C:/Xilinx/Vivado/2014.2/progetti/ip_repo'.
WARNING: [filemgmt 56-3] IP Repository Path: Could not find the directory 'C:/xilinx/vivado/2014.2/progetti/ip_repo/adc_interface'.
WARNING: [filemgmt 56-3] IP Repository Path: Could not find the directory 'C:/xilinx/vivado/2014.2/progetti/ip_repo/delay_input'.
WARNING: [filemgmt 56-3] IP Repository Path: Could not find the directory 'C:/xilinx/vivado/2014.2/progetti/ip_repo/adc_interface'.
Scanning sources...
Finished scanning sources
INFO: [IP_Flow 19-234] Refreshing IP repositories
WARNING: [IP_Flow 19-2248] Failed to load user IP repository 'c:/Xilinx/Vivado/2014.2/progetti/ip_repo'; Can't find the specified path.
If this directory should no longer be in your list of user repositories, go to the IP Settings dialog and remove it.
WARNING: [IP_Flow 19-3685] Ignored loading user repository 'c:/xilinx/vivado/2014.2/progetti/ip_repo/adc_interface'. The path is contained within another repository.
WARNING: [IP_Flow 19-3685] Ignored loading user repository 'c:/xilinx/vivado/2014.2/progetti/ip_repo/delay_input'. The path is contained within another repository.
WARNING: [IP_Flow 19-2207] Repository 'c:/xilinx/vivado/2014.2/progetti/ip_repo/adc_interface' already exists; ignoring attempt to add it again.
WARNING: [IP_Flow 19-3685] Ignored loading user repository 'c:/xilinx/vivado/2014.2/progetti/ip_repo/adc_interface'. The path is contained within another repository.
INFO: [IP_Flow 19-2313] Loaded Vivado IP repository 'C:/Xilinx/Vivado/2014.2/data/ip'.
CRITICAL WARNING: [IP_Flow 19-2325] Could not find the IP definition for IP 'WP1_system_Interface_ADC_0_2' in the IP Catalog. Attempting to load the user repositories that were used when that IP was generated, to see if the definition is there. The user repositories being added are:
    c:/Xilinx/Vivado/2014.2/progetti/ip_repo
    c:/xilinx/vivado/2014.2/progetti/ip_repo/adc_interface
    c:/xilinx/vivado/2014.2/progetti/ip_repo/delay_input
    c:/xilinx/vivado/2014.2/progetti/ip_repo/adc_interface

CRITICAL WARNING: [IP_Flow 19-2328] The specified repository 'c:/Xilinx/Vivado/2014.2/progetti/ip_repo' could not be found, so it will not be added.
CRITICAL WARNING: [IP_Flow 19-2328] The specified repository 'c:/xilinx/vivado/2014.2/progetti/ip_repo/adc_interface' could not be found, so it will not be added.
CRITICAL WARNING: [IP_Flow 19-2328] The specified repository 'c:/xilinx/vivado/2014.2/progetti/ip_repo/delay_input' could not be found, so it will not be added.
CRITICAL WARNING: [IP_Flow 19-2328] The specified repository 'c:/xilinx/vivado/2014.2/progetti/ip_repo/adc_interface' could not be found, so it will not be added.
CRITICAL WARNING: [IP_Flow 19-2327] Loaded the user repositories that were used when the IP was generated. Still cannot find the IP definition for IP 'WP1_system_Interface_ADC_0_2'. Some of this IP's features have been disabled.
CRITICAL WARNING: [IP_Flow 19-2325] Could not find the IP definition for IP 'WP1_system_delay_input_0_1' in the IP Catalog. Attempting to load the user repositories that were used when that IP was generated, to see if the definition is there. The user repositories being added are:
    c:/Xilinx/Vivado/2014.2/progetti/ip_repo
    c:/xilinx/vivado/2014.2/progetti/ip_repo/adc_interface
    c:/xilinx/vivado/2014.2/progetti/ip_repo/delay_input
    c:/xilinx/vivado/2014.2/progetti/ip_repo/adc_interface

CRITICAL WARNING: [IP_Flow 19-2328] The specified repository 'c:/Xilinx/Vivado/2014.2/progetti/ip_repo' could not be found, so it will not be added.
CRITICAL WARNING: [IP_Flow 19-2328] The specified repository 'c:/xilinx/vivado/2014.2/progetti/ip_repo/adc_interface' could not be found, so it will not be added.
CRITICAL WARNING: [IP_Flow 19-2328] The specified repository 'c:/xilinx/vivado/2014.2/progetti/ip_repo/delay_input' could not be found, so it will not be added.
CRITICAL WARNING: [IP_Flow 19-2328] The specified repository 'c:/xilinx/vivado/2014.2/progetti/ip_repo/adc_interface' could not be found, so it will not be added.
CRITICAL WARNING: [IP_Flow 19-2327] Loaded the user repositories that were used when the IP was generated. Still cannot find the IP definition for IP 'WP1_system_delay_input_0_1'. Some of this IP's features have been disabled.
WARNING: [BD 41-1303] One or more IPs have been locked in the design 'WP1_system.bd'. Please run report_ip_status for more details and recommendations on how to fix this issue.
open_project: Time (s): cpu = 00:00:29 ; elapsed = 00:00:18 . Memory (MB): peak = 904.281 ; gain = 75.719
open_bd_design {C:/Xilinx/Vivado/2014.2/progetti/WP1/WP1/WP1.srcs/sources_1/bd/WP1_system/WP1_system.bd}
Adding component instance block -- xilinx.com:ip:processing_system7:5.4 - processing_system7_0
Adding component instance block -- xilinx.com:ip:axi_gpio:2.0 - axi_gpio_0
Adding component instance block -- xilinx.com:ip:proc_sys_reset:5.0 - rst_processing_system7_0_100M
Adding component instance block -- xilinx.com:ip:util_ds_buf:1.0 - util_ds_buf_0
Adding component instance block -- xilinx.com:ip:util_ds_buf:1.0 - util_ds_buf_1
Adding component instance block -- xilinx.com:ip:selectio_wiz:5.1 - selectio_wiz_0
Adding component instance block -- xilinx.com:ip:util_ds_buf:1.0 - util_ds_buf_3
Adding component instance block -- xilinx.com:ip:xlconstant:1.1 - xlconstant_0
Adding component instance block -- xilinx.com:ip:selectio_wiz:5.1 - selectio_wiz_1
Adding component instance block -- xilinx.com:ip:axi_bram_ctrl:4.0 - axi_bram_ctrl_0
Adding component instance block -- xilinx.com:ip:blk_mem_gen:8.2 - blk_mem_gen_0
Adding component instance block -- xilinx.com:ip:util_vector_logic:1.0 - util_vector_logic_0
Adding component instance block -- xilinx.com:ip:util_vector_logic:1.0 - util_vector_logic_1
Adding component instance block -- xilinx.com:ip:util_vector_logic:1.0 - util_vector_logic_2
Adding component instance block -- le.infn.it:user:ADC_interface:1.0 - Interface_ADC_0
Adding component instance block -- in2p3.fr:user:delay_input:1.0 - delay_input_0
Adding component instance block -- xilinx.com:ip:axi_crossbar:2.1 - xbar
Adding component instance block -- xilinx.com:ip:axi_protocol_converter:2.1 - auto_pc
Adding component instance block -- xilinx.com:ip:axi_protocol_converter:2.1 - auto_pc
Adding component instance block -- xilinx.com:ip:axi_protocol_converter:2.1 - auto_pc
Successfully read diagram <WP1_system> from BD file <C:/Xilinx/Vivado/2014.2/progetti/WP1/WP1/WP1.srcs/sources_1/bd/WP1_system/WP1_system.bd>
open_bd_design: Time (s): cpu = 00:00:30 ; elapsed = 00:00:37 . Memory (MB): peak = 1151.793 ; gain = 247.512
exit
INFO: [Common 17-206] Exiting Vivado at Tue Apr 21 19:03:54 2015...
